<?xml version="1.0" encoding="UTF-8"?>
<testsuite xmlns:xsi="http://www.w3.org/2001/XMLSchema-instance" xsi:noNamespaceSchemaLocation="https://maven.apache.org/surefire/maven-surefire-plugin/xsd/surefire-test-report.xsd" version="3.0.2" name="com.microservice.transaction.TransactionApplicationTests" time="4.859" tests="1" errors="0" skipped="0" failures="0">
  <properties>
[...]
</properties>
  <testcase name="contextLoads" classname="com.microservice.transaction.TransactionApplicationTests" time="0.438">
    <system-out><![CDATA[19:29:55.761 [main] INFO org.springframework.test.context.support.AnnotationConfigContextLoaderUtils -- Could not detect default configuration classes for test class [com.microservice.transaction.TransactionApplicationTests]: TransactionApplicationTests does not declare any static, non-private, non-final, nested classes annotated with @Configuration.
19:29:55.863 [main] INFO org.springframework.boot.test.context.SpringBootTestContextBootstrapper -- Found @SpringBootConfiguration com.microservice.transaction.TransactionApplication for test class com.microservice.transaction.TransactionApplicationTests

  .   ____          _            __ _ _
 /\\ / ___'_ __ _ _(_)_ __  __ _ \ \ \ \
( ( )\___ | '_ | '_| | '_ \/ _` | \ \ \ \
 \\/  ___)| |_)| | | | | || (_| |  ) ) ) )
  '  |____| .__|_| |_|_| |_\__, | / / / /
 =========|_|==============|___/=/_/_/_/

 :: Spring Boot ::                (v4.0.2)

2026-02-07T19:29:56.375Z  INFO 3988 --- [transaction] [           main] c.m.t.TransactionApplicationTests        : Starting TransactionApplicationTests using Java 17.0.18 with PID 3988 (started by runner in /home/runner/work/Budget_Management_App/Budget_Management_App/app/backend-microservice/transaction)
2026-02-07T19:29:56.377Z  INFO 3988 --- [transaction] [           main] c.m.t.TransactionApplicationTests        : The following 1 profile is active: "test"
2026-02-07T19:29:57.081Z  INFO 3988 --- [transaction] [           main] .s.d.r.c.RepositoryConfigurationDelegate : Bootstrapping Spring Data JPA repositories in DEFAULT mode.
2026-02-07T19:29:57.133Z  INFO 3988 --- [transaction] [           main] .s.d.r.c.RepositoryConfigurationDelegate : Finished Spring Data repository scanning in 41 ms. Found 1 JPA repository interface.
2026-02-07T19:29:57.559Z  INFO 3988 --- [transaction] [           main] org.hibernate.orm.jpa                    : HHH008540: Processing PersistenceUnitInfo [name: default]
2026-02-07T19:29:57.627Z  INFO 3988 --- [transaction] [           main] org.hibernate.orm.core                   : HHH000001: Hibernate ORM core version 7.2.1.Final
2026-02-07T19:29:58.090Z  INFO 3988 --- [transaction] [           main] o.s.o.j.p.SpringPersistenceUnitInfo      : No LoadTimeWeaver setup: ignoring JPA class transformer
2026-02-07T19:29:58.122Z  INFO 3988 --- [transaction] [           main] com.zaxxer.hikari.HikariDataSource       : HikariPool-1 - Starting...
2026-02-07T19:29:58.306Z  INFO 3988 --- [transaction] [           main] com.zaxxer.hikari.pool.HikariPool        : HikariPool-1 - Added connection conn0: url=jdbc:h2:mem:testdb user=SA
2026-02-07T19:29:58.308Z  INFO 3988 --- [transaction] [           main] com.zaxxer.hikari.HikariDataSource       : HikariPool-1 - Start completed.
2026-02-07T19:29:58.331Z  WARN 3988 --- [transaction] [           main] org.hibernate.orm.deprecation            : HHH90000025: H2Dialect does not need to be specified explicitly using 'hibernate.dialect' (remove the property setting and it will be selected by default)
2026-02-07T19:29:58.354Z  INFO 3988 --- [transaction] [           main] org.hibernate.orm.connections.pooling    : HHH10001005: Database info:
	Database JDBC URL [jdbc:h2:mem:testdb]
	Database driver: H2 JDBC Driver
	Database dialect: H2Dialect
	Database version: 2.4.240
	Default catalog/schema: TESTDB/PUBLIC
	Autocommit mode: undefined/unknown
	Isolation level: READ_COMMITTED [default READ_COMMITTED]
	JDBC fetch size: 100
	Pool: DataSourceConnectionProvider
	Minimum pool size: undefined/unknown
	Maximum pool size: undefined/unknown
2026-02-07T19:29:59.025Z  INFO 3988 --- [transaction] [           main] org.hibernate.orm.core                   : HHH000489: No JTA platform available (set 'hibernate.transaction.jta.platform' to enable JTA platform integration)
Hibernate: drop table if exists transactions cascade 
Hibernate: create table transactions (amount numeric(19,2) not null, date date not null, created_at timestamp(6) with time zone not null, transaction_id bigint not null, description varchar(500), category varchar(255), user_id varchar(255) not null, type enum ('EXPENSE','INCOME') not null, primary key (transaction_id))
2026-02-07T19:29:59.052Z  INFO 3988 --- [transaction] [           main] j.LocalContainerEntityManagerFactoryBean : Initialized JPA EntityManagerFactory for persistence unit 'default'
2026-02-07T19:29:59.141Z  INFO 3988 --- [transaction] [           main] o.s.d.j.r.query.QueryEnhancerFactories   : Hibernate is in classpath; If applicable, HQL parser will be used.
2026-02-07T19:29:59.559Z  WARN 3988 --- [transaction] [           main] JpaBaseConfiguration$JpaWebConfiguration : spring.jpa.open-in-view is enabled by default. Therefore, database queries may be performed during view rendering. Explicitly configure spring.jpa.open-in-view to disable this warning
2026-02-07T19:29:59.994Z  INFO 3988 --- [transaction] [           main] c.m.t.TransactionApplicationTests        : Started TransactionApplicationTests in 3.98 seconds (process running for 5.325)
]]></system-out>
  </testcase>
</testsuite>